{"contracts/BasicDutchAuction.sol":{"l":{"16":17,"17":17,"18":17,"19":17,"20":17,"21":17,"25":19,"26":17,"27":13,"29":9,"31":9,"32":4,"34":5,"35":5,"41":20,"42":8,"43":4,"44":4,"49":4,"50":0,"51":0,"57":53},"path":"/Users/akshaysawant/Downloads/v1.0/Dutch_Auction/contracts/BasicDutchAuction.sol","s":{"1":17,"2":17,"3":17,"4":17,"5":17,"6":17,"7":19,"8":17,"9":13,"10":9,"11":9,"12":4,"13":5,"14":5,"15":20,"16":8,"17":4,"18":4,"19":4,"20":0,"21":0,"22":53},"b":{"1":[17,2],"2":[13,4],"3":[9,4],"4":[4,5],"5":[8,12],"6":[4,4],"7":[0,4]},"f":{"1":17,"2":19,"3":20,"4":4,"5":53},"fnMap":{"1":{"name":"constructor","line":15,"loc":{"start":{"line":15,"column":4},"end":{"line":22,"column":4}}},"2":{"name":"bid","line":24,"loc":{"start":{"line":24,"column":4},"end":{"line":38,"column":4}}},"3":{"name":"finalize","line":40,"loc":{"start":{"line":40,"column":4},"end":{"line":46,"column":4}}},"4":{"name":"refund","line":48,"loc":{"start":{"line":48,"column":4},"end":{"line":53,"column":4}}},"5":{"name":"nop","line":56,"loc":{"start":{"line":56,"column":4},"end":{"line":58,"column":4}}}},"statementMap":{"1":{"start":{"line":16,"column":8},"end":{"line":16,"column":36}},"2":{"start":{"line":17,"column":8},"end":{"line":17,"column":36}},"3":{"start":{"line":18,"column":8},"end":{"line":18,"column":52}},"4":{"start":{"line":19,"column":8},"end":{"line":19,"column":51}},"5":{"start":{"line":20,"column":8},"end":{"line":20,"column":34}},"6":{"start":{"line":21,"column":8},"end":{"line":21,"column":38}},"7":{"start":{"line":25,"column":8},"end":{"line":25,"column":29}},"8":{"start":{"line":26,"column":8},"end":{"line":26,"column":71}},"9":{"start":{"line":27,"column":8},"end":{"line":27,"column":125}},"10":{"start":{"line":29,"column":8},"end":{"line":29,"column":26}},"11":{"start":{"line":31,"column":8},"end":{"line":31,"column":1088}},"12":{"start":{"line":32,"column":12},"end":{"line":32,"column":36}},"13":{"start":{"line":34,"column":12},"end":{"line":34,"column":39}},"14":{"start":{"line":35,"column":12},"end":{"line":35,"column":32}},"15":{"start":{"line":41,"column":8},"end":{"line":41,"column":41}},"16":{"start":{"line":42,"column":8},"end":{"line":42,"column":66}},"17":{"start":{"line":43,"column":8},"end":{"line":43,"column":22}},"18":{"start":{"line":44,"column":8},"end":{"line":44,"column":32}},"19":{"start":{"line":49,"column":8},"end":{"line":49,"column":41}},"20":{"start":{"line":50,"column":8},"end":{"line":50,"column":22}},"21":{"start":{"line":51,"column":8},"end":{"line":51,"column":36}},"22":{"start":{"line":57,"column":8},"end":{"line":57,"column":19}}},"branchMap":{"1":{"line":25,"type":"if","locations":[{"start":{"line":25,"column":8},"end":{"line":25,"column":8}},{"start":{"line":25,"column":8},"end":{"line":25,"column":8}}]},"2":{"line":26,"type":"if","locations":[{"start":{"line":26,"column":8},"end":{"line":26,"column":8}},{"start":{"line":26,"column":8},"end":{"line":26,"column":8}}]},"3":{"line":27,"type":"if","locations":[{"start":{"line":27,"column":8},"end":{"line":27,"column":8}},{"start":{"line":27,"column":8},"end":{"line":27,"column":8}}]},"4":{"line":31,"type":"if","locations":[{"start":{"line":31,"column":8},"end":{"line":31,"column":8}},{"start":{"line":31,"column":8},"end":{"line":31,"column":8}}]},"5":{"line":41,"type":"if","locations":[{"start":{"line":41,"column":8},"end":{"line":41,"column":8}},{"start":{"line":41,"column":8},"end":{"line":41,"column":8}}]},"6":{"line":42,"type":"if","locations":[{"start":{"line":42,"column":8},"end":{"line":42,"column":8}},{"start":{"line":42,"column":8},"end":{"line":42,"column":8}}]},"7":{"line":49,"type":"if","locations":[{"start":{"line":49,"column":8},"end":{"line":49,"column":8}},{"start":{"line":49,"column":8},"end":{"line":49,"column":8}}]}}}}