TN:
SF:/Users/akshaysawant/Downloads/v1.0/Dutch_Auction/contracts/BasicDutchAuction.sol
FN:15,constructor
FN:24,bid
FN:40,finalize
FN:48,refund
FN:56,nop
FNF:5
FNH:5
FNDA:17,constructor
FNDA:19,bid
FNDA:20,finalize
FNDA:4,refund
FNDA:53,nop
DA:16,17
DA:17,17
DA:18,17
DA:19,17
DA:20,17
DA:21,17
DA:25,19
DA:26,17
DA:27,13
DA:29,9
DA:31,9
DA:32,4
DA:34,5
DA:35,5
DA:41,20
DA:42,8
DA:43,4
DA:44,4
DA:49,4
DA:50,0
DA:51,0
DA:57,53
LF:22
LH:20
BRDA:25,1,0,17
BRDA:25,1,1,2
BRDA:26,2,0,13
BRDA:26,2,1,4
BRDA:27,3,0,9
BRDA:27,3,1,4
BRDA:31,4,0,4
BRDA:31,4,1,5
BRDA:41,5,0,8
BRDA:41,5,1,12
BRDA:42,6,0,4
BRDA:42,6,1,4
BRDA:49,7,0,0
BRDA:49,7,1,4
BRF:14
BRH:13
end_of_record
